生成启动时间为 2017/4/4 17:27:52。
     1>项目“D:\C++P\HuaWei\cdn3_3.31X\cdn3\cdn3\cdn3.vcxproj”在节点 2 上(build 个目标)。
       项目文件包含 ToolsVersion="12.0"。此工具集可能未知或缺失。在这种情况下，通过安装 MSBuild 的正确版本，或许可以解决此问题。否则，该 build 可能已因策略原因而被强制为某个特定 ToolsVersion。将该项目视为其已具有 ToolsVersion="4.0"。有关详细信息，请参阅 http://go.microsoft.com/fwlink/?LinkId=291333。
     1>InitializeBuildStatus:
         正在创建“Debug\cdn3.unsuccessfulbuild”，因为已指定“AlwaysCreate”。
       ClCompile:
         所有输出均为最新。
         F:\Program Files (x86)\vs2010\VC\bin\CL.exe /c /ZI /nologo /W3 /WX- /Od /Oy- /D WIN32 /D _DEBUG /D _CONSOLE /D _UNICODE /D UNICODE /Gm /EHsc /RTC1 /MDd /GS /fp:precise /Zc:wchar_t /Zc:forScope /Yu"StdAfx.h" /Fp"Debug\cdn3.pch" /Fo"Debug\\" /Fd"Debug\vc100.pdb" /Gd /TP /analyze- /errorReport:prompt deploy.cpp
         deploy.cpp
     1>d:\c++p\huawei\cdn3_3.31x\cdn3\cdn3\multisourcemincostflow.h(72): warning C4018: “<”: 有符号/无符号不匹配
     1>d:\c++p\huawei\cdn3_3.31x\cdn3\cdn3\multisourcemincostflow.h(91): warning C4018: “<”: 有符号/无符号不匹配
     1>d:\c++p\huawei\cdn3_3.31x\cdn3\cdn3\multisourcemincostflow.h(109): warning C4018: “<”: 有符号/无符号不匹配
     1>d:\c++p\huawei\cdn3_3.31x\cdn3\cdn3\multisourcemincostflow.h(137): warning C4018: “<”: 有符号/无符号不匹配
     1>d:\c++p\huawei\cdn3_3.31x\cdn3\cdn3\multisourcemincostflow.h(142): warning C4018: “<”: 有符号/无符号不匹配
     1>d:\c++p\huawei\cdn3_3.31x\cdn3\cdn3\multisourcemincostflow.h(149): warning C4018: “<”: 有符号/无符号不匹配
     1>d:\c++p\huawei\cdn3_3.31x\cdn3\cdn3\multisourcemincostflow.h(209): warning C4018: “<”: 有符号/无符号不匹配
     1>d:\c++p\huawei\cdn3_3.31x\cdn3\cdn3\multisourcemincostflow.h(216): warning C4018: “<”: 有符号/无符号不匹配
     1>d:\c++p\huawei\cdn3_3.31x\cdn3\cdn3\multisourcemincostflow.h(258): warning C4018: “<”: 有符号/无符号不匹配
     1>d:\c++p\huawei\cdn3_3.31x\cdn3\cdn3\multisourcemincostflow.h(279): warning C4244: “return”: 从“double”转换到“int”，可能丢失数据
     1>d:\c++p\huawei\cdn3_3.31x\cdn3\cdn3\multisourcemincostflow.h(283): warning C4244: “return”: 从“double”转换到“int”，可能丢失数据
     1>d:\c++p\huawei\cdn3_3.31x\cdn3\cdn3\multisourcemincostflow.h(287): warning C4244: “return”: 从“double”转换到“int”，可能丢失数据
     1>d:\c++p\huawei\cdn3_3.31x\cdn3\cdn3\multisourcemincostflow.h(332): warning C4244: “return”: 从“double”转换到“int”，可能丢失数据
     1>d:\c++p\huawei\cdn3_3.31x\cdn3\cdn3\deploy.cpp(114): warning C4244: “=”: 从“double”转换到“int”，可能丢失数据
     1>d:\c++p\huawei\cdn3_3.31x\cdn3\cdn3\deploy.cpp(277): warning C4018: “<”: 有符号/无符号不匹配
     1>d:\c++p\huawei\cdn3_3.31x\cdn3\cdn3\deploy.cpp(279): warning C4018: “<”: 有符号/无符号不匹配
     1>d:\c++p\huawei\cdn3_3.31x\cdn3\cdn3\deploy.cpp(296): warning C4018: “<”: 有符号/无符号不匹配
     1>d:\c++p\huawei\cdn3_3.31x\cdn3\cdn3\deploy.cpp(311): warning C4018: “<”: 有符号/无符号不匹配
       Link:
         F:\Program Files (x86)\vs2010\VC\bin\link.exe /ERRORREPORT:PROMPT /OUT:"D:\C++P\HuaWei\cdn3_3.31X\cdn3\Debug\cdn3.exe" /INCREMENTAL /NOLOGO kernel32.lib user32.lib gdi32.lib winspool.lib comdlg32.lib advapi32.lib shell32.lib ole32.lib oleaut32.lib uuid.lib odbc32.lib odbccp32.lib /MANIFEST /ManifestFile:"Debug\cdn3.exe.intermediate.manifest" /MANIFESTUAC:"level='asInvoker' uiAccess='false'" /DEBUG /PDB:"D:\C++P\HuaWei\cdn3_3.31X\cdn3\Debug\cdn3.pdb" /SUBSYSTEM:CONSOLE /TLBID:1 /DYNAMICBASE /NXCOMPAT /IMPLIB:"D:\C++P\HuaWei\cdn3_3.31X\cdn3\Debug\cdn3.lib" /MACHINE:X86 Debug\cdn3.obj
         Debug\deploy.obj
         Debug\io.obj
         Debug\stdafx.obj
         cdn3.vcxproj -> D:\C++P\HuaWei\cdn3_3.31X\cdn3\Debug\cdn3.exe
       Manifest:
         c:\Program Files (x86)\Microsoft SDKs\Windows\v7.0A\bin\mt.exe /nologo /verbose /out:"D:\C++P\HuaWei\cdn3_3.31X\cdn3\Debug\cdn3.exe.manifest" /manifest Debug\cdn3.exe.intermediate.manifest
       FinalizeBuildStatus:
         正在删除文件“Debug\cdn3.unsuccessfulbuild”。
         正在对“Debug\cdn3.lastbuildstate”执行 Touch 任务。
     1>已完成生成项目“D:\C++P\HuaWei\cdn3_3.31X\cdn3\cdn3\cdn3.vcxproj”(build 个目标)的操作。

生成成功。

已用时间 00:00:01.83
